{
  "RSpec": {
    "coverage": {
      "/Users/tanmayvats/Documents/GitHub/rate_limited_app/app/helpers/application_helper.rb": {
        "lines": [
          1,
          null
        ]
      },
      "/Users/tanmayvats/Documents/GitHub/rate_limited_app/app/controllers/api/v1/public_controller.rb": {
        "lines": [
          1,
          null,
          null,
          null,
          1,
          7,
          null,
          null,
          null,
          null,
          null,
          null,
          null,
          null
        ]
      },
      "/Users/tanmayvats/Documents/GitHub/rate_limited_app/app/controllers/application_controller.rb": {
        "lines": [
          1,
          null,
          1,
          1,
          null
        ]
      },
      "/Users/tanmayvats/Documents/GitHub/rate_limited_app/app/controllers/concerns/rate_limitable.rb": {
        "lines": [
          1,
          1,
          null,
          1,
          1,
          null,
          null,
          1,
          null,
          1,
          7,
          7,
          null,
          7,
          null,
          6,
          6,
          6,
          null,
          null
        ]
      },
      "/Users/tanmayvats/Documents/GitHub/rate_limited_app/app/jobs/application_job.rb": {
        "lines": [
          0,
          null,
          null,
          null,
          null,
          null,
          0
        ],
        "branches": {}
      },
      "/Users/tanmayvats/Documents/GitHub/rate_limited_app/app/mailers/application_mailer.rb": {
        "lines": [
          0,
          0,
          0,
          0
        ],
        "branches": {}
      },
      "/Users/tanmayvats/Documents/GitHub/rate_limited_app/app/models/application_record.rb": {
        "lines": [
          0,
          0,
          0
        ],
        "branches": {}
      }
    },
    "timestamp": 1752578827
  }
}
